
****** PlanAhead v14.5 (64-bit)
  **** Build 247527 by xbuild on Mon Mar 25 17:13:07 MDT 2013
    ** Copyright 1986-1999, 2001-2012 Xilinx, Inc. All Rights Reserved.

INFO: [Common 17-78] Attempting to get a license: PlanAhead
INFO: [Common 17-290] Got license for PlanAhead
INFO: [Common 17-86] Your PlanAhead license expires in -226 day(s)
INFO: [Device 21-36] Loading parts and site information from C:/Xilinx/14.5/ISE_DS/PlanAhead/data/parts/arch.xml
Parsing RTL primitives file [C:/Xilinx/14.5/ISE_DS/PlanAhead/data/parts/xilinx/rtl/prims/rtl_prims.xml]
Finished parsing RTL primitives file [C:/Xilinx/14.5/ISE_DS/PlanAhead/data/parts/xilinx/rtl/prims/rtl_prims.xml]
start_gui
source C:/Users/aula/Desktop/LAB4/LabCPU/CPU/pa.fromHdl.tcl
# create_project -name CPU -dir "C:/Users/aula/Desktop/LAB4/LabCPU/CPU/planAhead_run_1" -part xc3s500efg320-4
# set_param project.pinAheadLayout yes
# set srcset [get_property srcset [current_run -impl]]
# set_property target_constrs_file "CPU_STATEMACHINE.ucf" [current_fileset -constrset]
Adding file 'C:/Users/aula/Desktop/LAB4/LabCPU/CPU/CPU_STATEMACHINE.ucf' to fileset 'constrs_1'
# set hdlfile [add_files [list {ROMAssincrona.vhd}]]
# set_property file_type VHDL $hdlfile
# set_property library work $hdlfile
# set hdlfile [add_files [list {CONTADOR_MODULOM.vhd}]]
# set_property file_type VHDL $hdlfile
# set_property library work $hdlfile
# set hdlfile [add_files [list {CPU_STATEMACHINE.vhd}]]
# set_property file_type VHDL $hdlfile
# set_property library work $hdlfile
# set_property top CPU_STATEMACHINE $srcset
# add_files [list {CPU_STATEMACHINE.ucf}] -fileset [get_property constrset [current_run]]
# open_rtl_design -part xc3s500efg320-4
Using Verific elaboration
Parsing VHDL file "C:/Xilinx/14.5/ISE_DS/PlanAhead/data/parts/xilinx/rtl/lib/synplify/synattr.vhd" into library synplify
Parsing VHDL file "C:/Xilinx/14.5/ISE_DS/PlanAhead/data/parts/xilinx/rtl/lib/synplify/synattr.vhd" into library synplify
Parsing VHDL file "C:/Users/aula/Desktop/LAB4/LabCPU/CPU/ROMAssincrona.vhd" into library work
Parsing VHDL file "C:/Users/aula/Desktop/LAB4/LabCPU/CPU/CONTADOR_MODULOM.vhd" into library work
Parsing VHDL file "C:/Users/aula/Desktop/LAB4/LabCPU/CPU/CPU_STATEMACHINE.vhd" into library work
INFO: [Designutils 20-910] Reading macro library C:/Xilinx/14.5/ISE_DS/PlanAhead/data\./parts/xilinx/spartan3e/spartan3e/hd_int_macros.edn
Parsing EDIF File [C:/Xilinx/14.5/ISE_DS/PlanAhead/data\./parts/xilinx/spartan3e/spartan3e/hd_int_macros.edn]
Finished Parsing EDIF File [C:/Xilinx/14.5/ISE_DS/PlanAhead/data\./parts/xilinx/spartan3e/spartan3e/hd_int_macros.edn]
Loading clock regions from C:/Xilinx/14.5/ISE_DS/PlanAhead/data\parts/xilinx/spartan3e/spartan3e/xc3s500e/ClockRegion.xml
Loading clock buffers from C:/Xilinx/14.5/ISE_DS/PlanAhead/data\parts/xilinx/spartan3e/spartan3e/xc3s500e/ClockBuffers.xml
Loading package from C:/Xilinx/14.5/ISE_DS/PlanAhead/data\parts/xilinx/spartan3e/spartan3e/xc3s500e/fg320/Package.xml
Loading io standards from C:/Xilinx/14.5/ISE_DS/PlanAhead/data\./parts/xilinx/spartan3e/IOStandards.xml
INFO: [Device 21-19] Loading pkg sso from C:/Xilinx/14.5/ISE_DS/PlanAhead/data\parts/xilinx/spartan3e/spartan3e/xc3s500e/fg320/SSORules.xml
Loading list of drcs for the architecture : C:/Xilinx/14.5/ISE_DS/PlanAhead/data\./parts/xilinx/spartan3e/spartan3e/drc.xml
INFO: [Timing 38-77] Reading timing library C:/Xilinx/14.5/ISE_DS/PlanAhead/data\parts/xilinx/spartan3e/spartan3e/spartan3e-4.lib.
INFO: [Timing 38-34] Done reading timing library C:/Xilinx/14.5/ISE_DS/PlanAhead/data\parts/xilinx/spartan3e/spartan3e/spartan3e-4.lib.
Parsing UCF File [C:/Users/aula/Desktop/LAB4/LabCPU/CPU/CPU_STATEMACHINE.ucf]
Finished Parsing UCF File [C:/Users/aula/Desktop/LAB4/LabCPU/CPU/CPU_STATEMACHINE.ucf]
INFO: [Project 1-111] Unisim Transformation Summary:
No Unisim elements were transformed.

Phase 0 | Netlist Checksum: 5fd5802b
open_rtl_design: Time (s): elapsed = 00:00:11 . Memory (MB): peak = 578.199 ; gain = 140.590
update_compile_order -fileset sim_1
startgroup
set_property package_pin C9 [get_ports CLK]
endgroup
startgroup
set_property package_pin F9 [get_ports {OUTLED[7]}]
endgroup
startgroup
set_property package_pin E9 [get_ports {OUTLED[6]}]
endgroup
startgroup
set_property package_pin D11 [get_ports {OUTLED[5]}]
endgroup
startgroup
set_property package_pin C11 [get_ports {OUTLED[4]}]
endgroup
startgroup
set_property package_pin F11 [get_ports {OUTLED[3]}]
endgroup
startgroup
set_property package_pin E11 [get_ports {OUTLED[2]}]
endgroup
startgroup
set_property package_pin E12 [get_ports {OUTLED[1]}]
endgroup
startgroup
set_property package_pin F12 [get_ports {OUTLED[0]}]
endgroup
save_constraints
exit
ERROR: [Common 17-39] 'stop_gui' failed due to earlier errors.
INFO: [Common 17-206] Exiting PlanAhead at Mon Nov 13 12:40:02 2017...
INFO: [Common 17-83] Releasing license: PlanAhead
