#-----------------------------------------------------------
# PlanAhead v14.7 (64-bit)
# Build 321239 by xbuild on Fri Sep 27 19:29:51 MDT 2013
# Start of session at: Sun Nov 19 11:44:35 2017
# Process ID: 6924
# Log file: C:/Users/gazevedo/Desktop/LAB4/LabCPU/CPU/planAhead_run_3/planAhead.log
# Journal file: C:/Users/gazevedo/Desktop/LAB4/LabCPU/CPU/planAhead_run_3/planAhead.jou
#-----------------------------------------------------------
INFO: [Common 17-78] Attempting to get a license: PlanAhead
INFO: [Common 17-290] Got license for PlanAhead
INFO: [Device 21-36] Loading parts and site information from B:/XILINX/14.7/ISE_DS/PlanAhead/data/parts/arch.xml
Parsing RTL primitives file [B:/XILINX/14.7/ISE_DS/PlanAhead/data/parts/xilinx/rtl/prims/rtl_prims.xml]
Finished parsing RTL primitives file [B:/XILINX/14.7/ISE_DS/PlanAhead/data/parts/xilinx/rtl/prims/rtl_prims.xml]
start_gui
source C:/Users/gazevedo/Desktop/LAB4/LabCPU/CPU/pa.fromHdl.tcl
# create_project -name CPU -dir "C:/Users/gazevedo/Desktop/LAB4/LabCPU/CPU/planAhead_run_3" -part xc3s500efg320-4
ERROR: [Common 17-53] User Exception: Project already exists on disk, please use '-force' option to overwrite: 
     C:/Users/gazevedo/Desktop/LAB4/LabCPU/CPU/planAhead_run_3/CPU.ppr
     C:/Users/gazevedo/Desktop/LAB4/LabCPU/CPU/planAhead_run_3/CPU.data

    while executing
"create_project -name CPU -dir "C:/Users/gazevedo/Desktop/LAB4/LabCPU/CPU/planAhead_run_3" -part xc3s500efg320-4"
    (file "C:/Users/gazevedo/Desktop/LAB4/LabCPU/CPU/pa.fromHdl.tcl" line 4)
exit
INFO: [Common 17-206] Exiting PlanAhead at Sun Nov 19 11:48:49 2017...
INFO: [Common 17-83] Releasing license: PlanAhead
